The system is: Windows - 10.0.19042 - AMD64
Compiling the C compiler identification source file "CMakeCCompilerId.c" succeeded.
Compiler:  
Build flags: 
Id flags:  

The output was:
0
Microsoft (R) Build Engine 16.5.0+d4cbfca49 dla platformy .NET Framework
Copyright (C) Microsoft Corporation. Wszelkie prawa zastrzeľone.

Kompilacja rozpocz©a si© 19.10.2021 20:51:10.
Projekt "C:\Users\Nikola\Desktop\STUDIA\SEMESTR 5\WD\Lab1\glfw-3.3.4\build\CMakeFiles\3.22.0-rc1\CompilerIdC\CompilerIdC.vcxproj" w w©«le 1 (domylne elementy docelowe).
PrepareForBuild:
  Tworzenie katalogu "Debug\".
  Tworzenie katalogu "Debug\CompilerIdC.tlog\".
InitializeBuildStatus:
  Trwa tworzenie "Debug\CompilerIdC.tlog\unsuccessfulbuild", poniewaľ okrelono "AlwaysCreate".
ClCompile:
  C:\Program Files (x86)\Microsoft Visual Studio\2019\Community\VC\Tools\MSVC\14.25.28610\bin\HostX64\x64\CL.exe /c /nologo /W0 /WX- /diagnostics:column /Od /D _MBCS /Gm- /EHsc /RTC1 /MDd /GS /fp:precise /Zc:wchar_t /Zc:forScope /Zc:inline /Fo"Debug\\" /Fd"Debug\vc142.pdb" /Gd /TC /FC /errorReport:queue CMakeCCompilerId.c
  CMakeCCompilerId.c
Link:
  C:\Program Files (x86)\Microsoft Visual Studio\2019\Community\VC\Tools\MSVC\14.25.28610\bin\HostX64\x64\link.exe /ERRORREPORT:QUEUE /OUT:".\CompilerIdC.exe" /INCREMENTAL:NO /NOLOGO kernel32.lib user32.lib gdi32.lib winspool.lib comdlg32.lib advapi32.lib shell32.lib ole32.lib oleaut32.lib uuid.lib odbc32.lib odbccp32.lib /MANIFEST /MANIFESTUAC:"level='asInvoker' uiAccess='false'" /manifest:embed /PDB:".\CompilerIdC.pdb" /SUBSYSTEM:CONSOLE /TLBID:1 /DYNAMICBASE /NXCOMPAT /IMPLIB:".\CompilerIdC.lib" /MACHINE:X64 Debug\CMakeCCompilerId.obj
  CompilerIdC.vcxproj -> C:\Users\Nikola\Desktop\STUDIA\SEMESTR 5\WD\Lab1\glfw-3.3.4\build\CMakeFiles\3.22.0-rc1\CompilerIdC\.\CompilerIdC.exe
PostBuildEvent:
  for %%i in (cl.exe) do @echo CMAKE_C_COMPILER=%%~$PATH:i
  :VCEnd
  CMAKE_C_COMPILER=C:\Program Files (x86)\Microsoft Visual Studio\2019\Community\VC\Tools\MSVC\14.25.28610\bin\Hostx64\x64\cl.exe
FinalizeBuildStatus:
  Usuwanie pliku "Debug\CompilerIdC.tlog\unsuccessfulbuild".
  Modyfikowanie "Debug\CompilerIdC.tlog\CompilerIdC.lastbuildstate".
Kompilowanie projektu "C:\Users\Nikola\Desktop\STUDIA\SEMESTR 5\WD\Lab1\glfw-3.3.4\build\CMakeFiles\3.22.0-rc1\CompilerIdC\CompilerIdC.vcxproj" wykonane (domylne elementy docelowe).

Kompilacja powioda si©.
    Ostrzeľenia: 0
    Liczba b©d˘w: 0

Czas, kt˘ry upynĄ: 00:00:03.18


Compilation of the C compiler identification source "CMakeCCompilerId.c" produced "CompilerIdC.exe"

Compilation of the C compiler identification source "CMakeCCompilerId.c" produced "CompilerIdC.vcxproj"

The C compiler identification is MSVC, found in "C:/Users/Nikola/Desktop/STUDIA/SEMESTR 5/WD/Lab1/glfw-3.3.4/build/CMakeFiles/3.22.0-rc1/CompilerIdC/CompilerIdC.exe"

Detecting C compiler ABI info compiled with the following output:
Change Dir: C:/Users/Nikola/Desktop/STUDIA/SEMESTR 5/WD/Lab1/glfw-3.3.4/build/CMakeFiles/CMakeTmp

Run Build Command(s):C:/Program Files (x86)/Microsoft Visual Studio/2019/Community/MSBuild/Current/Bin/MSBuild.exe cmTC_517a9.vcxproj /p:Configuration=Debug /p:Platform=x64 /p:VisualStudioVersion=16.0 /v:m && Microsoft (R) Build Engine 16.5.0+d4cbfca49 dla platformy .NET Framework
Copyright (C) Microsoft Corporation. Wszelkie prawa zastrzeľone.

  Microsoft (R) C/C++ wersja kompilatora optymalizujĄcego 19.25.28612 dla x64
  CMakeCCompilerABI.c
  Copyright (C) Microsoft Corporation. Wszystkie prawa zastrzeľone.
  cl /c /Zi /W3 /WX- /diagnostics:column /Od /Ob0 /D _MBCS /D WIN32 /D _WINDOWS /D "CMAKE_INTDIR=\"Debug\"" /Gm- /RTC1 /MDd /GS /fp:precise /Zc:wchar_t /Zc:forScope /Zc:inline /Fo"cmTC_517a9.dir\Debug\\" /Fd"cmTC_517a9.dir\Debug\vc142.pdb" /Gd /TC /errorReport:queue "C:\Program Files\CMake\share\cmake-3.22\Modules\CMakeCCompilerABI.c"
  cmTC_517a9.vcxproj -> C:\Users\Nikola\Desktop\STUDIA\SEMESTR 5\WD\Lab1\glfw-3.3.4\build\CMakeFiles\CMakeTmp\Debug\cmTC_517a9.exe



